<?xml version="1.0" encoding="UTF-8"?>
<!-- Generated by org.testng.reporters.JUnitReportReporter -->
<testsuite hostname="DESKTOP-JCROPA5" failures="0" tests="1" name="testng_multiple_test.MultiDropDown" time="15.157" errors="0" timestamp="2023-12-23T11:58:34 IST" skipped="0">
  <testcase classname="testng_multiple_test.MultiDropDown" name="Dropdown" time="15.157"/>
  <system-out/>
</testsuite> <!-- testng_multiple_test.MultiDropDown -->
