<?xml version="1.0" encoding="UTF-8"?>
<!-- Generated by org.testng.reporters.JUnitReportReporter -->
<testsuite hostname="DESKTOP-JCROPA5" failures="0" tests="1" name="testScript.Fb_pageFactory" time="34.717" errors="0" timestamp="2024-01-02T16:46:26 IST" skipped="0">
  <testcase classname="testScript.Fb_pageFactory" name="fbTest" time="34.717"/>
  <system-out/>
</testsuite> <!-- testScript.Fb_pageFactory -->
