<?xml version="1.0" encoding="UTF-8"?>
<!-- Generated by org.testng.reporters.JUnitReportReporter -->
<testsuite hostname="DESKTOP-JCROPA5" failures="0" tests="1" name="stepDeff.TestRunner" time="27.903" errors="0" timestamp="2023-08-17T11:22:30 IST" skipped="0">
  <testcase classname="stepDeff.TestRunner" name="runScenario" time="27.903"/>
  <system-out/>
</testsuite> <!-- stepDeff.TestRunner -->
