<?xml version="1.0" encoding="UTF-8"?>
<!-- Generated by org.testng.reporters.JUnitReportReporter -->
<testsuite hostname="DESKTOP-JCROPA5" failures="0" tests="1" name="facebook.Fb_pageFactory" time="33.859" errors="0" timestamp="2024-01-02T16:11:53 IST" skipped="0">
  <testcase classname="facebook.Fb_pageFactory" name="fbTest" time="33.859"/>
  <system-out/>
</testsuite> <!-- facebook.Fb_pageFactory -->
