<?xml version="1.0" encoding="UTF-8"?>
<!-- Generated by org.testng.reporters.JUnitReportReporter -->
<testsuite hostname="DESKTOP-JCROPA5" failures="0" tests="1" name="testng_multiple_test.Clear_Text" time="13.224" errors="0" timestamp="2023-12-28T13:00:38 IST" skipped="0">
  <testcase classname="testng_multiple_test.Clear_Text" name="clearText" time="13.224"/>
  <system-out/>
</testsuite> <!-- testng_multiple_test.Clear_Text -->
