<?xml version="1.0" encoding="UTF-8"?>
<!-- Generated by org.testng.reporters.JUnitReportReporter -->
<testsuite hostname="DESKTOP-JCROPA5" failures="0" tests="1" name="testng_multiple_test.Double_Click" time="21.584" errors="0" timestamp="2023-12-28T13:00:38 IST" skipped="0">
  <testcase classname="testng_multiple_test.Double_Click" name="doubleclick" time="21.584"/>
  <system-out/>
</testsuite> <!-- testng_multiple_test.Double_Click -->
