<?xml version="1.0" encoding="UTF-8"?>
<!-- Generated by org.testng.reporters.JUnitReportReporter -->
<testsuite hostname="DESKTOP-JCROPA5" failures="0" tests="1" name="stepDiff.TestRunner" time="25.369" errors="0" timestamp="2024-01-02T23:22:04 IST" skipped="0">
  <testcase classname="stepDiff.TestRunner" name="runScenario" time="25.369"/>
  <system-out/>
</testsuite> <!-- stepDiff.TestRunner -->
