<?xml version="1.0" encoding="UTF-8"?>
<!-- Generated by org.testng.reporters.JUnitReportReporter -->
<testsuite hostname="DESKTOP-JCROPA5" failures="0" tests="1" name="testng_multiple_test.Multi_DropDown" time="17.428" errors="0" timestamp="2023-12-28T13:00:38 IST" skipped="0">
  <testcase classname="testng_multiple_test.Multi_DropDown" name="MultiDropDown" time="17.428"/>
  <system-out/>
</testsuite> <!-- testng_multiple_test.Multi_DropDown -->
