<?xml version="1.0" encoding="UTF-8"?>
<!-- Generated by org.testng.reporters.JUnitReportReporter -->
<testsuite hostname="DESKTOP-JCROPA5" failures="0" tests="1" name="stepDeff.TestRunner" time="47.828" errors="0" timestamp="2023-09-27T12:03:53 IST" skipped="0">
  <testcase classname="stepDeff.TestRunner" name="runScenario" time="47.828"/>
  <system-out/>
</testsuite> <!-- stepDeff.TestRunner -->
